Flow report for MC68K
Sun Mar 12 13:41:39 2023
Quartus Prime Version 18.1.0 Build 625 09/12/2018 SJ Lite Edition


---------------------
; Table of Contents ;
---------------------
  1. Legal Notice
  2. Flow Summary
  3. Flow Settings
  4. Flow Non-Default Global Settings
  5. Flow Elapsed Time
  6. Flow OS Summary
  7. Flow Log
  8. Flow Messages
  9. Flow Suppressed Messages



----------------
; Legal Notice ;
----------------
Copyright (C) 2018  Intel Corporation. All rights reserved.
Your use of Intel Corporation's design tools, logic functions 
and other software and tools, and its AMPP partner logic 
functions, and any output files from any of the foregoing 
(including device programming or simulation files), and any 
associated documentation or information are expressly subject 
to the terms and conditions of the Intel Program License 
Subscription Agreement, the Intel Quartus Prime License Agreement,
the Intel FPGA IP License Agreement, or other applicable license
agreement, including, without limitation, that your use is for
the sole purpose of programming logic devices manufactured by
Intel and sold by Intel or its authorized distributors.  Please
refer to the applicable agreement for further details.



+-------------------------------------------------------------------------------+
; Flow Summary                                                                  ;
+---------------------------------+---------------------------------------------+
; Flow Status                     ; Successful - Sun Mar 12 13:41:39 2023       ;
; Quartus Prime Version           ; 18.1.0 Build 625 09/12/2018 SJ Lite Edition ;
; Revision Name                   ; MC68K                                       ;
; Top-level Entity Name           ; MC68K                                       ;
; Family                          ; Cyclone V                                   ;
; Device                          ; 5CSEMA5F31C6                                ;
; Timing Models                   ; Final                                       ;
; Logic utilization (in ALMs)     ; 2,883 / 32,070 ( 9 % )                      ;
; Total registers                 ; 1475                                        ;
; Total pins                      ; 238 / 457 ( 52 % )                          ;
; Total virtual pins              ; 0                                           ;
; Total block memory bits         ; 2,365,512 / 4,065,280 ( 58 % )              ;
; Total DSP Blocks                ; 0 / 87 ( 0 % )                              ;
; Total HSSI RX PCSs              ; 0                                           ;
; Total HSSI PMA RX Deserializers ; 0                                           ;
; Total HSSI TX PCSs              ; 0                                           ;
; Total HSSI PMA TX Serializers   ; 0                                           ;
; Total PLLs                      ; 1 / 6 ( 17 % )                              ;
; Total DLLs                      ; 0 / 4 ( 0 % )                               ;
+---------------------------------+---------------------------------------------+


+-----------------------------------------+
; Flow Settings                           ;
+-------------------+---------------------+
; Option            ; Setting             ;
+-------------------+---------------------+
; Start date & time ; 03/12/2023 13:32:20 ;
; Main task         ; Compilation         ;
; Revision Name     ; MC68K               ;
+-------------------+---------------------+


+-------------------------------------------------------------------------------------------------------------------------------------------+
; Flow Non-Default Global Settings                                                                                                          ;
+---------------------------------------------------+----------------------------------------+---------------+-------------+----------------+
; Assignment Name                                   ; Value                                  ; Default Value ; Entity Name ; Section Id     ;
+---------------------------------------------------+----------------------------------------+---------------+-------------+----------------+
; ADV_NETLIST_OPT_SYNTH_WYSIWYG_REMAP               ; On                                     ; Off           ; --          ; --             ;
; COMPILER_SIGNATURE_ID                             ; 70491211430949.167865313917988         ; --            ; --          ; --             ;
; DO_COMBINED_ANALYSIS                              ; -- (Not supported for targeted family) ; Off           ; --          ; --             ;
; EDA_GENERATE_FUNCTIONAL_NETLIST                   ; Off                                    ; --            ; --          ; eda_simulation ;
; EDA_GENERATE_GATE_LEVEL_SIMULATION_COMMAND_SCRIPT ; Off                                    ; --            ; --          ; eda_simulation ;
; EDA_GENERATE_RTL_SIMULATION_COMMAND_SCRIPT        ; Off                                    ; --            ; --          ; eda_simulation ;
; EDA_OUTPUT_DATA_FORMAT                            ; Vhdl                                   ; --            ; --          ; eda_simulation ;
; EDA_SIMULATION_TOOL                               ; ModelSim-Altera (VHDL)                 ; <None>        ; --          ; --             ;
; EDA_TIME_SCALE                                    ; 1 ps                                   ; --            ; --          ; eda_simulation ;
; FITTER_EFFORT                                     ; Fast Fit                               ; Auto Fit      ; --          ; --             ;
; FMAX_REQUIREMENT                                  ; 25 MHz                                 ; --            ; --          ; --             ;
; IGNORE_CLOCK_SETTINGS                             ; On                                     ; Off           ; --          ; --             ;
; IGNORE_LCELL_BUFFERS                              ; On                                     ; Off           ; --          ; --             ;
; MAX_CORE_JUNCTION_TEMP                            ; 85                                     ; --            ; --          ; --             ;
; MIN_CORE_JUNCTION_TEMP                            ; 0                                      ; --            ; --          ; --             ;
; MISC_FILE                                         ; lpm_bustri0.bsf                        ; --            ; --          ; --             ;
; MISC_FILE                                         ; lpm_bustri0.cmp                        ; --            ; --          ; --             ;
; MISC_FILE                                         ; lpm_bustri2.bsf                        ; --            ; --          ; --             ;
; MISC_FILE                                         ; lpm_bustri2.cmp                        ; --            ; --          ; --             ;
; MISC_FILE                                         ; SingleBitTriState.bsf                  ; --            ; --          ; --             ;
; MISC_FILE                                         ; SingleBitTriState.cmp                  ; --            ; --          ; --             ;
; MISC_FILE                                         ; ClockGen.cmp                           ; --            ; --          ; --             ;
; MISC_FILE                                         ; ClockGen_sim/ClockGen.vho              ; --            ; --          ; --             ;
; MISC_FILE                                         ; Ram32kByte.bsf                         ; --            ; --          ; --             ;
; MISC_FILE                                         ; Ram32kByte.cmp                         ; --            ; --          ; --             ;
; MISC_FILE                                         ; OnChipRom16KWord.bsf                   ; --            ; --          ; --             ;
; MISC_FILE                                         ; OnChipRom16KWord_bb.v                  ; --            ; --          ; --             ;
; MISC_FILE                                         ; Tag_Data.bsf                           ; --            ; --          ; --             ;
; MISC_FILE                                         ; Tag_Data_bb.v                          ; --            ; --          ; --             ;
; MISC_FILE                                         ; CacheData.bsf                          ; --            ; --          ; --             ;
; MISC_FILE                                         ; CacheData_bb.v                         ; --            ; --          ; --             ;
; MISC_FILE                                         ; Valid_Bit_Associative.bsf              ; --            ; --          ; --             ;
; MISC_FILE                                         ; Valid_Bit_Associative_bb.v             ; --            ; --          ; --             ;
; MISC_FILE                                         ; Tag_Data_Associative.bsf               ; --            ; --          ; --             ;
; MISC_FILE                                         ; Tag_Data_Associative_bb.v              ; --            ; --          ; --             ;
; MISC_FILE                                         ; CachedData_Associative.bsf             ; --            ; --          ; --             ;
; MISC_FILE                                         ; CachedData_Associative_bb.v            ; --            ; --          ; --             ;
; MISC_FILE                                         ; PLRU_Bits.bsf                          ; --            ; --          ; --             ;
; MISC_FILE                                         ; PLRU_Bits_bb.v                         ; --            ; --          ; --             ;
; MUX_RESTRUCTURE                                   ; Off                                    ; Auto          ; --          ; --             ;
; PARTITION_COLOR                                   ; -- (Not supported for targeted family) ; --            ; --          ; Top            ;
; PARTITION_FITTER_PRESERVATION_LEVEL               ; -- (Not supported for targeted family) ; --            ; --          ; Top            ;
; PARTITION_NETLIST_TYPE                            ; -- (Not supported for targeted family) ; --            ; --          ; Top            ;
; PHYSICAL_SYNTHESIS_COMBO_LOGIC                    ; On                                     ; Off           ; --          ; --             ;
; PHYSICAL_SYNTHESIS_REGISTER_DUPLICATION           ; On                                     ; Off           ; --          ; --             ;
; PHYSICAL_SYNTHESIS_REGISTER_RETIMING              ; On                                     ; Off           ; --          ; --             ;
; POWER_BOARD_THERMAL_MODEL                         ; None (CONSERVATIVE)                    ; --            ; --          ; --             ;
; POWER_PRESET_COOLING_SOLUTION                     ; 23 MM HEAT SINK WITH 200 LFPM AIRFLOW  ; --            ; --          ; --             ;
; QII_AUTO_PACKED_REGISTERS                         ; Normal                                 ; Auto          ; --          ; --             ;
; ROUTER_TIMING_OPTIMIZATION_LEVEL                  ; MAXIMUM                                ; Normal        ; --          ; --             ;
; SPD_FILE                                          ; ClockGen.spd                           ; --            ; --          ; --             ;
; SYNTHESIS_ONLY_QIP                                ; On                                     ; --            ; --          ; --             ;
; TIMING_ANALYZER_DO_CCPP_REMOVAL                   ; Off                                    ; On            ; --          ; --             ;
; USE_GENERATED_PHYSICAL_CONSTRAINTS                ; Off                                    ; --            ; --          ; eda_blast_fpga ;
+---------------------------------------------------+----------------------------------------+---------------+-------------+----------------+


+--------------------------------------------------------------------------------------------------------------------------+
; Flow Elapsed Time                                                                                                        ;
+----------------------+--------------+-------------------------+---------------------+------------------------------------+
; Module Name          ; Elapsed Time ; Average Processors Used ; Peak Virtual Memory ; Total CPU Time (on all processors) ;
+----------------------+--------------+-------------------------+---------------------+------------------------------------+
; Analysis & Synthesis ; 00:02:55     ; 1.0                     ; 4983 MB             ; 00:02:25                           ;
; Fitter               ; 00:04:57     ; 1.4                     ; 7022 MB             ; 00:08:13                           ;
; Assembler            ; 00:00:23     ; 1.0                     ; 4921 MB             ; 00:00:16                           ;
; Timing Analyzer      ; 00:00:47     ; 2.7                     ; 5437 MB             ; 00:01:14                           ;
; EDA Netlist Writer   ; 00:00:06     ; 1.0                     ; 4970 MB             ; 00:00:05                           ;
; Total                ; 00:09:08     ; --                      ; --                  ; 00:12:13                           ;
+----------------------+--------------+-------------------------+---------------------+------------------------------------+


+------------------------------------------------------------------------------------+
; Flow OS Summary                                                                    ;
+----------------------+------------------+------------+------------+----------------+
; Module Name          ; Machine Hostname ; OS Name    ; OS Version ; Processor type ;
+----------------------+------------------+------------+------------+----------------+
; Analysis & Synthesis ; Bruce_X          ; Windows 10 ; 10.0       ; x86_64         ;
; Fitter               ; Bruce_X          ; Windows 10 ; 10.0       ; x86_64         ;
; Assembler            ; Bruce_X          ; Windows 10 ; 10.0       ; x86_64         ;
; Timing Analyzer      ; Bruce_X          ; Windows 10 ; 10.0       ; x86_64         ;
; EDA Netlist Writer   ; Bruce_X          ; Windows 10 ; 10.0       ; x86_64         ;
+----------------------+------------------+------------+------------+----------------+


------------
; Flow Log ;
------------
quartus_map --read_settings_files=on --write_settings_files=off MC68K -c MC68K
quartus_fit --read_settings_files=off --write_settings_files=off MC68K -c MC68K
quartus_asm --read_settings_files=off --write_settings_files=off MC68K -c MC68K
quartus_sta MC68K -c MC68K
quartus_eda --read_settings_files=off --write_settings_files=off MC68K -c MC68K



